# JRE version: OpenJDK Runtime Environment Temurin-17.0.5+8 (17.0.5+8) (build 17.0.5+8)
# Java VM: OpenJDK 64-Bit Server VM Temurin-17.0.5+8 (17.0.5+8, mixed mode, tiered, compressed oops, compressed class ptrs, parallel gc, windows-amd64)
GC Precious Log:
 CPUs: 12 total, 12 available
 Memory: 24431M
 Large Page Support: Disabled
 NUMA Support: Disabled
 Compressed Oops: Enabled (32-bit)
 Alignments: Space 512K, Generation 512K, Heap 2M
 Heap Min Capacity: 100M
 Heap Initial Capacity: 100M
 Heap Max Capacity: 1G
 Pre-touch: Disabled
 Parallel Workers: 10
Heap:
 PSYoungGen      total 14848K, used 8306K [0x00000000eab00000, 0x00000000ebf00000, 0x0000000100000000)
  eden space 13824K, 52% used [0x00000000eab00000,0x00000000eb21c990,0x00000000eb880000)
  from space 1024K, 100% used [0x00000000ebd00000,0x00000000ebe00000,0x00000000ebe00000)
  to   space 1024K, 0% used [0x00000000ebe00000,0x00000000ebe00000,0x00000000ebf00000)
 ParOldGen       total 68608K, used 60065K [0x00000000c0000000, 0x00000000c4300000, 0x00000000eab00000)
  object space 68608K, 87% used [0x00000000c0000000,0x00000000c3aa8618,0x00000000c4300000)
 Metaspace       used 55765K, committed 56640K, reserved 1105920K
  class space    used 6416K, committed 6784K, reserved 1048576K
GC Heap History (20 events):
Event: 46.431 GC heap before
{Heap before GC invocations=32 (full 2):
 PSYoungGen      total 14848K, used 14845K [0x00000000eab00000, 0x00000000ec280000, 0x0000000100000000)
  eden space 13824K, 100% used [0x00000000eab00000,0x00000000eb880000,0x00000000eb880000)
  from space 1024K, 99% used [0x00000000ebe00000,0x00000000ebeff588,0x00000000ebf00000)
  to   space 3584K, 0% used [0x00000000ebf00000,0x00000000ebf00000,0x00000000ec280000)
 ParOldGen       total 68608K, used 57024K [0x00000000c0000000, 0x00000000c4300000, 0x00000000eab00000)
  object space 68608K, 83% used [0x00000000c0000000,0x00000000c37b02c8,0x00000000c4300000)
 Metaspace       used 51847K, committed 52672K, reserved 1097728K
  class space    used 5833K, committed 6208K, reserved 1048576K
}
Event: 46.434 GC heap after
{Heap after GC invocations=32 (full 2):
 PSYoungGen      total 14848K, used 736K [0x00000000eab00000, 0x00000000ec000000, 0x0000000100000000)
  eden space 13824K, 0% used [0x00000000eab00000,0x00000000eab00000,0x00000000eb880000)
  from space 1024K, 71% used [0x00000000ebf00000,0x00000000ebfb8020,0x00000000ec000000)
  to   space 2048K, 0% used [0x00000000ebc00000,0x00000000ebc00000,0x00000000ebe00000)
 ParOldGen       total 68608K, used 58051K [0x00000000c0000000, 0x00000000c4300000, 0x00000000eab00000)
  object space 68608K, 84% used [0x00000000c0000000,0x00000000c38b0e28,0x00000000c4300000)
 Metaspace       used 51847K, committed 52672K, reserved 1097728K
  class space    used 5833K, committed 6208K, reserved 1048576K
}
Event: 47.404 GC heap before
{Heap before GC invocations=33 (full 2):
 PSYoungGen      total 14848K, used 14560K [0x00000000eab00000, 0x00000000ec000000, 0x0000000100000000)
  eden space 13824K, 100% used [0x00000000eab00000,0x00000000eb880000,0x00000000eb880000)
  from space 1024K, 71% used [0x00000000ebf00000,0x00000000ebfb8020,0x00000000ec000000)
  to   space 2048K, 0% used [0x00000000ebc00000,0x00000000ebc00000,0x00000000ebe00000)
 ParOldGen       total 68608K, used 58051K [0x00000000c0000000, 0x00000000c4300000, 0x00000000eab00000)
  object space 68608K, 84% used [0x00000000c0000000,0x00000000c38b0e28,0x00000000c4300000)
 Metaspace       used 53416K, committed 54208K, reserved 1097728K
  class space    used 6107K, committed 6464K, reserved 1048576K
}
Event: 47.405 GC heap after
{Heap after GC invocations=33 (full 2):
 PSYoungGen      total 15872K, used 544K [0x00000000eab00000, 0x00000000ebf80000, 0x0000000100000000)
  eden space 13824K, 0% used [0x00000000eab00000,0x00000000eab00000,0x00000000eb880000)
  from space 2048K, 26% used [0x00000000ebc00000,0x00000000ebc88000,0x00000000ebe00000)
  to   space 1024K, 0% used [0x00000000ebe80000,0x00000000ebe80000,0x00000000ebf80000)
 ParOldGen       total 68608K, used 58611K [0x00000000c0000000, 0x00000000c4300000, 0x00000000eab00000)
  object space 68608K, 85% used [0x00000000c0000000,0x00000000c393ce88,0x00000000c4300000)
 Metaspace       used 53416K, committed 54208K, reserved 1097728K
  class space    used 6107K, committed 6464K, reserved 1048576K
}
Event: 48.638 GC heap before
{Heap before GC invocations=34 (full 2):
 PSYoungGen      total 15872K, used 14368K [0x00000000eab00000, 0x00000000ebf80000, 0x0000000100000000)
  eden space 13824K, 100% used [0x00000000eab00000,0x00000000eb880000,0x00000000eb880000)
  from space 2048K, 26% used [0x00000000ebc00000,0x00000000ebc88000,0x00000000ebe00000)
  to   space 1024K, 0% used [0x00000000ebe80000,0x00000000ebe80000,0x00000000ebf80000)
 ParOldGen       total 68608K, used 58611K [0x00000000c0000000, 0x00000000c4300000, 0x00000000eab00000)
  object space 68608K, 85% used [0x00000000c0000000,0x00000000c393ce88,0x00000000c4300000)
 Metaspace       used 54985K, committed 55872K, reserved 1105920K
  class space    used 6328K, committed 6720K, reserved 1048576K
}
Event: 48.640 GC heap after
{Heap after GC invocations=34 (full 2):
 PSYoungGen      total 14336K, used 512K [0x00000000eab00000, 0x00000000ebf00000, 0x0000000100000000)
  eden space 13824K, 0% used [0x00000000eab00000,0x00000000eab00000,0x00000000eb880000)
  from space 512K, 100% used [0x00000000ebe80000,0x00000000ebf00000,0x00000000ebf00000)
  to   space 1024K, 0% used [0x00000000ebd00000,0x00000000ebd00000,0x00000000ebe00000)
 ParOldGen       total 68608K, used 58963K [0x00000000c0000000, 0x00000000c4300000, 0x00000000eab00000)
  object space 68608K, 85% used [0x00000000c0000000,0x00000000c3994e88,0x00000000c4300000)
 Metaspace       used 54985K, committed 55872K, reserved 1105920K
  class space    used 6328K, committed 6720K, reserved 1048576K
}
Event: 49.421 GC heap before
{Heap before GC invocations=35 (full 2):
 PSYoungGen      total 14336K, used 14336K [0x00000000eab00000, 0x00000000ebf00000, 0x0000000100000000)
  eden space 13824K, 100% used [0x00000000eab00000,0x00000000eb880000,0x00000000eb880000)
  from space 512K, 100% used [0x00000000ebe80000,0x00000000ebf00000,0x00000000ebf00000)
  to   space 1024K, 0% used [0x00000000ebd00000,0x00000000ebd00000,0x00000000ebe00000)
 ParOldGen       total 68608K, used 58963K [0x00000000c0000000, 0x00000000c4300000, 0x00000000eab00000)
  object space 68608K, 85% used [0x00000000c0000000,0x00000000c3994e88,0x00000000c4300000)
 Metaspace       used 54986K, committed 55872K, reserved 1105920K
  class space    used 6328K, committed 6720K, reserved 1048576K
}
Event: 49.423 GC heap after
{Heap after GC invocations=35 (full 2):
 PSYoungGen      total 14848K, used 32K [0x00000000eab00000, 0x00000000ebf00000, 0x0000000100000000)
  eden space 13824K, 0% used [0x00000000eab00000,0x00000000eab00000,0x00000000eb880000)
  from space 1024K, 3% used [0x00000000ebd00000,0x00000000ebd08000,0x00000000ebe00000)
  to   space 512K, 0% used [0x00000000ebe80000,0x00000000ebe80000,0x00000000ebf00000)
 ParOldGen       total 68608K, used 59290K [0x00000000c0000000, 0x00000000c4300000, 0x00000000eab00000)
  object space 68608K, 86% used [0x00000000c0000000,0x00000000c39e6b98,0x00000000c4300000)
 Metaspace       used 54986K, committed 55872K, reserved 1105920K
  class space    used 6328K, committed 6720K, reserved 1048576K
}
Event: 50.181 GC heap before
{Heap before GC invocations=36 (full 2):
 PSYoungGen      total 14848K, used 13856K [0x00000000eab00000, 0x00000000ebf00000, 0x0000000100000000)
  eden space 13824K, 100% used [0x00000000eab00000,0x00000000eb880000,0x00000000eb880000)
  from space 1024K, 3% used [0x00000000ebd00000,0x00000000ebd08000,0x00000000ebe00000)
  to   space 512K, 0% used [0x00000000ebe80000,0x00000000ebe80000,0x00000000ebf00000)
 ParOldGen       total 68608K, used 59290K [0x00000000c0000000, 0x00000000c4300000, 0x00000000eab00000)
  object space 68608K, 86% used [0x00000000c0000000,0x00000000c39e6b98,0x00000000c4300000)
 Metaspace       used 54986K, committed 55872K, reserved 1105920K
  class space    used 6328K, committed 6720K, reserved 1048576K
}
Event: 50.182 GC heap after
{Heap after GC invocations=36 (full 2):
 PSYoungGen      total 14336K, used 192K [0x00000000eab00000, 0x00000000ebf00000, 0x0000000100000000)
  eden space 13824K, 0% used [0x00000000eab00000,0x00000000eab00000,0x00000000eb880000)
  from space 512K, 37% used [0x00000000ebe80000,0x00000000ebeb0000,0x00000000ebf00000)
  to   space 512K, 0% used [0x00000000ebe00000,0x00000000ebe00000,0x00000000ebe80000)
 ParOldGen       total 68608K, used 59330K [0x00000000c0000000, 0x00000000c4300000, 0x00000000eab00000)
  object space 68608K, 86% used [0x00000000c0000000,0x00000000c39f0b98,0x00000000c4300000)
 Metaspace       used 54986K, committed 55872K, reserved 1105920K
  class space    used 6328K, committed 6720K, reserved 1048576K
}
Event: 50.930 GC heap before
{Heap before GC invocations=37 (full 2):
 PSYoungGen      total 14336K, used 14016K [0x00000000eab00000, 0x00000000ebf00000, 0x0000000100000000)
  eden space 13824K, 100% used [0x00000000eab00000,0x00000000eb880000,0x00000000eb880000)
  from space 512K, 37% used [0x00000000ebe80000,0x00000000ebeb0000,0x00000000ebf00000)
  to   space 512K, 0% used [0x00000000ebe00000,0x00000000ebe00000,0x00000000ebe80000)
 ParOldGen       total 68608K, used 59330K [0x00000000c0000000, 0x00000000c4300000, 0x00000000eab00000)
  object space 68608K, 86% used [0x00000000c0000000,0x00000000c39f0b98,0x00000000c4300000)
 Metaspace       used 54989K, committed 55872K, reserved 1105920K
  class space    used 6329K, committed 6720K, reserved 1048576K
}
Event: 50.931 GC heap after
{Heap after GC invocations=37 (full 2):
 PSYoungGen      total 14336K, used 192K [0x00000000eab00000, 0x00000000ebf00000, 0x0000000100000000)
  eden space 13824K, 0% used [0x00000000eab00000,0x00000000eab00000,0x00000000eb880000)
  from space 512K, 37% used [0x00000000ebe00000,0x00000000ebe30000,0x00000000ebe80000)
  to   space 512K, 0% used [0x00000000ebe80000,0x00000000ebe80000,0x00000000ebf00000)
 ParOldGen       total 68608K, used 59362K [0x00000000c0000000, 0x00000000c4300000, 0x00000000eab00000)
  object space 68608K, 86% used [0x00000000c0000000,0x00000000c39f8b98,0x00000000c4300000)
 Metaspace       used 54989K, committed 55872K, reserved 1105920K
  class space    used 6329K, committed 6720K, reserved 1048576K
}
Event: 51.722 GC heap before
{Heap before GC invocations=38 (full 2):
 PSYoungGen      total 14336K, used 14016K [0x00000000eab00000, 0x00000000ebf00000, 0x0000000100000000)
  eden space 13824K, 100% used [0x00000000eab00000,0x00000000eb880000,0x00000000eb880000)
  from space 512K, 37% used [0x00000000ebe00000,0x00000000ebe30000,0x00000000ebe80000)
  to   space 512K, 0% used [0x00000000ebe80000,0x00000000ebe80000,0x00000000ebf00000)
 ParOldGen       total 68608K, used 59362K [0x00000000c0000000, 0x00000000c4300000, 0x00000000eab00000)
  object space 68608K, 86% used [0x00000000c0000000,0x00000000c39f8b98,0x00000000c4300000)
 Metaspace       used 54989K, committed 55872K, reserved 1105920K
  class space    used 6329K, committed 6720K, reserved 1048576K
}
Event: 51.725 GC heap after
{Heap after GC invocations=38 (full 2):
 PSYoungGen      total 14336K, used 128K [0x00000000eab00000, 0x00000000ebf00000, 0x0000000100000000)
  eden space 13824K, 0% used [0x00000000eab00000,0x00000000eab00000,0x00000000eb880000)
  from space 512K, 25% used [0x00000000ebe80000,0x00000000ebea0000,0x00000000ebf00000)
  to   space 512K, 0% used [0x00000000ebe00000,0x00000000ebe00000,0x00000000ebe80000)
 ParOldGen       total 68608K, used 59402K [0x00000000c0000000, 0x00000000c4300000, 0x00000000eab00000)
  object space 68608K, 86% used [0x00000000c0000000,0x00000000c3a02b98,0x00000000c4300000)
 Metaspace       used 54989K, committed 55872K, reserved 1105920K
  class space    used 6329K, committed 6720K, reserved 1048576K
}
Event: 54.134 GC heap before
{Heap before GC invocations=39 (full 2):
 PSYoungGen      total 14336K, used 13952K [0x00000000eab00000, 0x00000000ebf00000, 0x0000000100000000)
  eden space 13824K, 100% used [0x00000000eab00000,0x00000000eb880000,0x00000000eb880000)
  from space 512K, 25% used [0x00000000ebe80000,0x00000000ebea0000,0x00000000ebf00000)
  to   space 512K, 0% used [0x00000000ebe00000,0x00000000ebe00000,0x00000000ebe80000)
 ParOldGen       total 68608K, used 59402K [0x00000000c0000000, 0x00000000c4300000, 0x00000000eab00000)
  object space 68608K, 86% used [0x00000000c0000000,0x00000000c3a02b98,0x00000000c4300000)
 Metaspace       used 55365K, committed 56256K, reserved 1105920K
  class space    used 6381K, committed 6720K, reserved 1048576K
}
Event: 54.144 GC heap after
{Heap after GC invocations=39 (full 2):
 PSYoungGen      total 14336K, used 480K [0x00000000eab00000, 0x00000000ebf00000, 0x0000000100000000)
  eden space 13824K, 0% used [0x00000000eab00000,0x00000000eab00000,0x00000000eb880000)
  from space 512K, 93% used [0x00000000ebe00000,0x00000000ebe78000,0x00000000ebe80000)
  to   space 512K, 0% used [0x00000000ebe80000,0x00000000ebe80000,0x00000000ebf00000)
 ParOldGen       total 68608K, used 59410K [0x00000000c0000000, 0x00000000c4300000, 0x00000000eab00000)
  object space 68608K, 86% used [0x00000000c0000000,0x00000000c3a04b98,0x00000000c4300000)
 Metaspace       used 55365K, committed 56256K, reserved 1105920K
  class space    used 6381K, committed 6720K, reserved 1048576K
}
Event: 55.300 GC heap before
{Heap before GC invocations=40 (full 2):
 PSYoungGen      total 14336K, used 14304K [0x00000000eab00000, 0x00000000ebf00000, 0x0000000100000000)
  eden space 13824K, 100% used [0x00000000eab00000,0x00000000eb880000,0x00000000eb880000)
  from space 512K, 93% used [0x00000000ebe00000,0x00000000ebe78000,0x00000000ebe80000)
  to   space 512K, 0% used [0x00000000ebe80000,0x00000000ebe80000,0x00000000ebf00000)
 ParOldGen       total 68608K, used 59410K [0x00000000c0000000, 0x00000000c4300000, 0x00000000eab00000)
  object space 68608K, 86% used [0x00000000c0000000,0x00000000c3a04b98,0x00000000c4300000)
 Metaspace       used 55468K, committed 56320K, reserved 1105920K
  class space    used 6390K, committed 6720K, reserved 1048576K
}
Event: 55.302 GC heap after
{Heap after GC invocations=40 (full 2):
 PSYoungGen      total 14336K, used 512K [0x00000000eab00000, 0x00000000ebf00000, 0x0000000100000000)
  eden space 13824K, 0% used [0x00000000eab00000,0x00000000eab00000,0x00000000eb880000)
  from space 512K, 100% used [0x00000000ebe80000,0x00000000ebf00000,0x00000000ebf00000)
  to   space 1024K, 0% used [0x00000000ebd00000,0x00000000ebd00000,0x00000000ebe00000)
 ParOldGen       total 68608K, used 59689K [0x00000000c0000000, 0x00000000c4300000, 0x00000000eab00000)
  object space 68608K, 87% used [0x00000000c0000000,0x00000000c3a4a618,0x00000000c4300000)
 Metaspace       used 55468K, committed 56320K, reserved 1105920K
  class space    used 6390K, committed 6720K, reserved 1048576K
}
Event: 56.217 GC heap before
{Heap before GC invocations=41 (full 2):
 PSYoungGen      total 14336K, used 14336K [0x00000000eab00000, 0x00000000ebf00000, 0x0000000100000000)
  eden space 13824K, 100% used [0x00000000eab00000,0x00000000eb880000,0x00000000eb880000)
  from space 512K, 100% used [0x00000000ebe80000,0x00000000ebf00000,0x00000000ebf00000)
  to   space 1024K, 0% used [0x00000000ebd00000,0x00000000ebd00000,0x00000000ebe00000)
 ParOldGen       total 68608K, used 59689K [0x00000000c0000000, 0x00000000c4300000, 0x00000000eab00000)
  object space 68608K, 87% used [0x00000000c0000000,0x00000000c3a4a618,0x00000000c4300000)
 Metaspace       used 55760K, committed 56640K, reserved 1105920K
  class space    used 6416K, committed 6784K, reserved 1048576K
}
Event: 56.221 GC heap after
{Heap after GC invocations=41 (full 2):
 PSYoungGen      total 14848K, used 1024K [0x00000000eab00000, 0x00000000ebf00000, 0x0000000100000000)
  eden space 13824K, 0% used [0x00000000eab00000,0x00000000eab00000,0x00000000eb880000)
  from space 1024K, 100% used [0x00000000ebd00000,0x00000000ebe00000,0x00000000ebe00000)
  to   space 1024K, 0% used [0x00000000ebe00000,0x00000000ebe00000,0x00000000ebf00000)
 ParOldGen       total 68608K, used 60065K [0x00000000c0000000, 0x00000000c4300000, 0x00000000eab00000)
  object space 68608K, 87% used [0x00000000c0000000,0x00000000c3aa8618,0x00000000c4300000)
 Metaspace       used 55760K, committed 56640K, reserved 1105920K
  class space    used 6416K, committed 6784K, reserved 1048576K
}

